2015-05-09T03:17:03+00:00 ERR (3): Warning: Illegal offset type in isset or empty  in /Applications/MAMP/htdocs/ausport_new/app/code/core/Mage/Eav/Model/Entity/Collection/Abstract.php on line 353
2015-05-09T03:17:03+00:00 ERR (3): Warning: Illegal offset type in isset or empty  in /Applications/MAMP/htdocs/ausport_new/app/code/core/Mage/Eav/Model/Entity/Collection/Abstract.php on line 357
2015-05-09T03:17:03+00:00 ERR (3): Warning: Illegal offset type in isset or empty  in /Applications/MAMP/htdocs/ausport_new/app/code/core/Mage/Eav/Model/Entity/Collection/Abstract.php on line 361
2015-05-09T03:17:03+00:00 ERR (3): Warning: Illegal offset type in isset or empty  in /Applications/MAMP/htdocs/ausport_new/app/code/core/Mage/Eav/Model/Entity/Collection/Abstract.php on line 353
2015-05-09T03:17:03+00:00 ERR (3): Warning: Illegal offset type in isset or empty  in /Applications/MAMP/htdocs/ausport_new/app/code/core/Mage/Eav/Model/Entity/Collection/Abstract.php on line 357
2015-05-09T03:17:03+00:00 ERR (3): Warning: Illegal offset type in isset or empty  in /Applications/MAMP/htdocs/ausport_new/app/code/core/Mage/Eav/Model/Entity/Collection/Abstract.php on line 361
2015-05-09T03:35:22+00:00 ERR (3): Warning: Illegal offset type in isset or empty  in /Applications/MAMP/htdocs/ausport_new/app/code/core/Mage/Eav/Model/Entity/Collection/Abstract.php on line 353
2015-05-09T03:35:22+00:00 ERR (3): Warning: Illegal offset type in isset or empty  in /Applications/MAMP/htdocs/ausport_new/app/code/core/Mage/Eav/Model/Entity/Collection/Abstract.php on line 357
2015-05-09T03:35:22+00:00 ERR (3): Warning: Illegal offset type in isset or empty  in /Applications/MAMP/htdocs/ausport_new/app/code/core/Mage/Eav/Model/Entity/Collection/Abstract.php on line 361
2015-05-09T03:35:23+00:00 ERR (3): Warning: Illegal offset type in isset or empty  in /Applications/MAMP/htdocs/ausport_new/app/code/core/Mage/Eav/Model/Entity/Collection/Abstract.php on line 353
2015-05-09T03:35:23+00:00 ERR (3): Warning: Illegal offset type in isset or empty  in /Applications/MAMP/htdocs/ausport_new/app/code/core/Mage/Eav/Model/Entity/Collection/Abstract.php on line 357
2015-05-09T03:35:23+00:00 ERR (3): Warning: Illegal offset type in isset or empty  in /Applications/MAMP/htdocs/ausport_new/app/code/core/Mage/Eav/Model/Entity/Collection/Abstract.php on line 361
2015-05-09T04:11:10+00:00 ERR (3): Warning: Illegal offset type in isset or empty  in /Applications/MAMP/htdocs/ausport_new/app/code/core/Mage/Eav/Model/Entity/Collection/Abstract.php on line 353
2015-05-09T04:11:10+00:00 ERR (3): Warning: Illegal offset type in isset or empty  in /Applications/MAMP/htdocs/ausport_new/app/code/core/Mage/Eav/Model/Entity/Collection/Abstract.php on line 357
2015-05-09T04:11:10+00:00 ERR (3): Warning: Illegal offset type in isset or empty  in /Applications/MAMP/htdocs/ausport_new/app/code/core/Mage/Eav/Model/Entity/Collection/Abstract.php on line 361
2015-05-09T04:11:11+00:00 ERR (3): Warning: Illegal offset type in isset or empty  in /Applications/MAMP/htdocs/ausport_new/app/code/core/Mage/Eav/Model/Entity/Collection/Abstract.php on line 353
2015-05-09T04:11:11+00:00 ERR (3): Warning: Illegal offset type in isset or empty  in /Applications/MAMP/htdocs/ausport_new/app/code/core/Mage/Eav/Model/Entity/Collection/Abstract.php on line 357
2015-05-09T04:11:11+00:00 ERR (3): Warning: Illegal offset type in isset or empty  in /Applications/MAMP/htdocs/ausport_new/app/code/core/Mage/Eav/Model/Entity/Collection/Abstract.php on line 361
2015-05-09T04:21:14+00:00 ERR (3): Warning: Illegal offset type in isset or empty  in /Applications/MAMP/htdocs/ausport_new/app/code/core/Mage/Eav/Model/Entity/Collection/Abstract.php on line 353
2015-05-09T04:21:14+00:00 ERR (3): Warning: Illegal offset type in isset or empty  in /Applications/MAMP/htdocs/ausport_new/app/code/core/Mage/Eav/Model/Entity/Collection/Abstract.php on line 357
2015-05-09T04:21:14+00:00 ERR (3): Warning: Illegal offset type in isset or empty  in /Applications/MAMP/htdocs/ausport_new/app/code/core/Mage/Eav/Model/Entity/Collection/Abstract.php on line 361
2015-05-09T04:21:15+00:00 ERR (3): Warning: Illegal offset type in isset or empty  in /Applications/MAMP/htdocs/ausport_new/app/code/core/Mage/Eav/Model/Entity/Collection/Abstract.php on line 353
2015-05-09T04:21:15+00:00 ERR (3): Warning: Illegal offset type in isset or empty  in /Applications/MAMP/htdocs/ausport_new/app/code/core/Mage/Eav/Model/Entity/Collection/Abstract.php on line 357
2015-05-09T04:21:15+00:00 ERR (3): Warning: Illegal offset type in isset or empty  in /Applications/MAMP/htdocs/ausport_new/app/code/core/Mage/Eav/Model/Entity/Collection/Abstract.php on line 361
2015-05-09T04:21:22+00:00 ERR (3): Warning: Illegal offset type in isset or empty  in /Applications/MAMP/htdocs/ausport_new/app/code/core/Mage/Eav/Model/Entity/Collection/Abstract.php on line 353
2015-05-09T04:21:22+00:00 ERR (3): Warning: Illegal offset type in isset or empty  in /Applications/MAMP/htdocs/ausport_new/app/code/core/Mage/Eav/Model/Entity/Collection/Abstract.php on line 357
2015-05-09T04:21:22+00:00 ERR (3): Warning: Illegal offset type in isset or empty  in /Applications/MAMP/htdocs/ausport_new/app/code/core/Mage/Eav/Model/Entity/Collection/Abstract.php on line 361
2015-05-09T04:21:22+00:00 ERR (3): Warning: Illegal offset type in isset or empty  in /Applications/MAMP/htdocs/ausport_new/app/code/core/Mage/Eav/Model/Entity/Collection/Abstract.php on line 353
2015-05-09T04:21:22+00:00 ERR (3): Warning: Illegal offset type in isset or empty  in /Applications/MAMP/htdocs/ausport_new/app/code/core/Mage/Eav/Model/Entity/Collection/Abstract.php on line 357
2015-05-09T04:21:22+00:00 ERR (3): Warning: Illegal offset type in isset or empty  in /Applications/MAMP/htdocs/ausport_new/app/code/core/Mage/Eav/Model/Entity/Collection/Abstract.php on line 361
2015-05-09T04:50:45+00:00 ERR (3): Warning: Illegal offset type in isset or empty  in /Applications/MAMP/htdocs/ausport_new/app/code/core/Mage/Eav/Model/Entity/Collection/Abstract.php on line 353
2015-05-09T04:50:45+00:00 ERR (3): Warning: Illegal offset type in isset or empty  in /Applications/MAMP/htdocs/ausport_new/app/code/core/Mage/Eav/Model/Entity/Collection/Abstract.php on line 357
2015-05-09T04:50:45+00:00 ERR (3): Warning: Illegal offset type in isset or empty  in /Applications/MAMP/htdocs/ausport_new/app/code/core/Mage/Eav/Model/Entity/Collection/Abstract.php on line 361
2015-05-09T04:50:45+00:00 ERR (3): Warning: Illegal offset type in isset or empty  in /Applications/MAMP/htdocs/ausport_new/app/code/core/Mage/Eav/Model/Entity/Collection/Abstract.php on line 353
2015-05-09T04:50:45+00:00 ERR (3): Warning: Illegal offset type in isset or empty  in /Applications/MAMP/htdocs/ausport_new/app/code/core/Mage/Eav/Model/Entity/Collection/Abstract.php on line 357
2015-05-09T04:50:45+00:00 ERR (3): Warning: Illegal offset type in isset or empty  in /Applications/MAMP/htdocs/ausport_new/app/code/core/Mage/Eav/Model/Entity/Collection/Abstract.php on line 361
2015-05-09T04:52:42+00:00 DEBUG (7): HEADERS ALREADY SENT: <pre>[0] /Applications/MAMP/htdocs/ausport_new/app/code/core/Mage/Core/Controller/Response/Http.php:52
[1] /Applications/MAMP/htdocs/ausport_new/lib/Zend/Controller/Response/Abstract.php:768
[2] /Applications/MAMP/htdocs/ausport_new/app/code/core/Mage/Core/Controller/Response/Http.php:84
[3] /Applications/MAMP/htdocs/ausport_new/app/code/core/Mage/Core/Controller/Varien/Front.php:184
[4] /Applications/MAMP/htdocs/ausport_new/app/code/core/Mage/Core/Model/App.php:354
[5] /Applications/MAMP/htdocs/ausport_new/app/Mage.php:684
[6] /Applications/MAMP/htdocs/ausport_new/index.php:87
</pre>
2015-05-09T05:05:03+00:00 ERR (3): Warning: Illegal offset type in isset or empty  in /Applications/MAMP/htdocs/ausport_new/app/code/core/Mage/Eav/Model/Entity/Collection/Abstract.php on line 353
2015-05-09T05:05:03+00:00 ERR (3): Warning: Illegal offset type in isset or empty  in /Applications/MAMP/htdocs/ausport_new/app/code/core/Mage/Eav/Model/Entity/Collection/Abstract.php on line 357
2015-05-09T05:05:03+00:00 ERR (3): Warning: Illegal offset type in isset or empty  in /Applications/MAMP/htdocs/ausport_new/app/code/core/Mage/Eav/Model/Entity/Collection/Abstract.php on line 361
2015-05-09T05:05:03+00:00 ERR (3): Warning: Illegal offset type in isset or empty  in /Applications/MAMP/htdocs/ausport_new/app/code/core/Mage/Eav/Model/Entity/Collection/Abstract.php on line 353
2015-05-09T05:05:03+00:00 ERR (3): Warning: Illegal offset type in isset or empty  in /Applications/MAMP/htdocs/ausport_new/app/code/core/Mage/Eav/Model/Entity/Collection/Abstract.php on line 357
2015-05-09T05:05:03+00:00 ERR (3): Warning: Illegal offset type in isset or empty  in /Applications/MAMP/htdocs/ausport_new/app/code/core/Mage/Eav/Model/Entity/Collection/Abstract.php on line 361
